[2023-05-21 15:30:27] local.ERROR: The "-s" option does not exist. {"exception":"[object] (Symfony\\Component\\Console\\Exception\\RuntimeException(code: 0): The \"-s\" option does not exist. at C:\\Users\\seryi\\AndroidStudioProjects\\medStartup\\medStartup\\server\\vendor\\symfony\\console\\Input\\ArgvInput.php:122)
[stacktrace]
#0 C:\\Users\\seryi\\AndroidStudioProjects\\medStartup\\medStartup\\server\\vendor\\symfony\\console\\Input\\ArgvInput.php(104): Symfony\\Component\\Console\\Input\\ArgvInput->parseShortOptionSet()
#1 C:\\Users\\seryi\\AndroidStudioProjects\\medStartup\\medStartup\\server\\vendor\\symfony\\console\\Input\\ArgvInput.php(84): Symfony\\Component\\Console\\Input\\ArgvInput->parseShortOption()
#2 C:\\Users\\seryi\\AndroidStudioProjects\\medStartup\\medStartup\\server\\vendor\\symfony\\console\\Input\\ArgvInput.php(71): Symfony\\Component\\Console\\Input\\ArgvInput->parseToken()
#3 C:\\Users\\seryi\\AndroidStudioProjects\\medStartup\\medStartup\\server\\vendor\\symfony\\console\\Input\\Input.php(55): Symfony\\Component\\Console\\Input\\ArgvInput->parse()
#4 C:\\Users\\seryi\\AndroidStudioProjects\\medStartup\\medStartup\\server\\vendor\\symfony\\console\\Command\\Command.php(250): Symfony\\Component\\Console\\Input\\Input->bind()
#5 C:\\Users\\seryi\\AndroidStudioProjects\\medStartup\\medStartup\\server\\vendor\\laravel\\framework\\src\\Illuminate\\Console\\Command.php(153): Symfony\\Component\\Console\\Command\\Command->run()
#6 C:\\Users\\seryi\\AndroidStudioProjects\\medStartup\\medStartup\\server\\vendor\\symfony\\console\\Application.php(1014): Illuminate\\Console\\Command->run()
#7 C:\\Users\\seryi\\AndroidStudioProjects\\medStartup\\medStartup\\server\\vendor\\symfony\\console\\Application.php(301): Symfony\\Component\\Console\\Application->doRunCommand()
#8 C:\\Users\\seryi\\AndroidStudioProjects\\medStartup\\medStartup\\server\\vendor\\symfony\\console\\Application.php(171): Symfony\\Component\\Console\\Application->doRun()
#9 C:\\Users\\seryi\\AndroidStudioProjects\\medStartup\\medStartup\\server\\vendor\\laravel\\framework\\src\\Illuminate\\Console\\Application.php(102): Symfony\\Component\\Console\\Application->run()
#10 C:\\Users\\seryi\\AndroidStudioProjects\\medStartup\\medStartup\\server\\vendor\\laravel\\framework\\src\\Illuminate\\Foundation\\Console\\Kernel.php(155): Illuminate\\Console\\Application->run()
#11 C:\\Users\\seryi\\AndroidStudioProjects\\medStartup\\medStartup\\server\\artisan(37): Illuminate\\Foundation\\Console\\Kernel->handle()
#12 {main}
"} 
[2023-05-21 15:30:31] local.ERROR: The "--\seed" option does not exist. {"exception":"[object] (Symfony\\Component\\Console\\Exception\\RuntimeException(code: 0): The \"--\\seed\" option does not exist. at C:\\Users\\seryi\\AndroidStudioProjects\\medStartup\\medStartup\\server\\vendor\\symfony\\console\\Input\\ArgvInput.php:220)
[stacktrace]
#0 C:\\Users\\seryi\\AndroidStudioProjects\\medStartup\\medStartup\\server\\vendor\\symfony\\console\\Input\\ArgvInput.php(149): Symfony\\Component\\Console\\Input\\ArgvInput->addLongOption()
#1 C:\\Users\\seryi\\AndroidStudioProjects\\medStartup\\medStartup\\server\\vendor\\symfony\\console\\Input\\ArgvInput.php(82): Symfony\\Component\\Console\\Input\\ArgvInput->parseLongOption()
#2 C:\\Users\\seryi\\AndroidStudioProjects\\medStartup\\medStartup\\server\\vendor\\symfony\\console\\Input\\ArgvInput.php(71): Symfony\\Component\\Console\\Input\\ArgvInput->parseToken()
#3 C:\\Users\\seryi\\AndroidStudioProjects\\medStartup\\medStartup\\server\\vendor\\symfony\\console\\Input\\Input.php(55): Symfony\\Component\\Console\\Input\\ArgvInput->parse()
#4 C:\\Users\\seryi\\AndroidStudioProjects\\medStartup\\medStartup\\server\\vendor\\symfony\\console\\Command\\Command.php(250): Symfony\\Component\\Console\\Input\\Input->bind()
#5 C:\\Users\\seryi\\AndroidStudioProjects\\medStartup\\medStartup\\server\\vendor\\laravel\\framework\\src\\Illuminate\\Console\\Command.php(153): Symfony\\Component\\Console\\Command\\Command->run()
#6 C:\\Users\\seryi\\AndroidStudioProjects\\medStartup\\medStartup\\server\\vendor\\symfony\\console\\Application.php(1014): Illuminate\\Console\\Command->run()
#7 C:\\Users\\seryi\\AndroidStudioProjects\\medStartup\\medStartup\\server\\vendor\\symfony\\console\\Application.php(301): Symfony\\Component\\Console\\Application->doRunCommand()
#8 C:\\Users\\seryi\\AndroidStudioProjects\\medStartup\\medStartup\\server\\vendor\\symfony\\console\\Application.php(171): Symfony\\Component\\Console\\Application->doRun()
#9 C:\\Users\\seryi\\AndroidStudioProjects\\medStartup\\medStartup\\server\\vendor\\laravel\\framework\\src\\Illuminate\\Console\\Application.php(102): Symfony\\Component\\Console\\Application->run()
#10 C:\\Users\\seryi\\AndroidStudioProjects\\medStartup\\medStartup\\server\\vendor\\laravel\\framework\\src\\Illuminate\\Foundation\\Console\\Kernel.php(155): Illuminate\\Console\\Application->run()
#11 C:\\Users\\seryi\\AndroidStudioProjects\\medStartup\\medStartup\\server\\artisan(37): Illuminate\\Foundation\\Console\\Kernel->handle()
#12 {main}
"} 
[2023-05-21 15:33:54] local.ERROR: No arguments expected for "migrate" command, got "down". {"exception":"[object] (Symfony\\Component\\Console\\Exception\\RuntimeException(code: 0): No arguments expected for \"migrate\" command, got \"down\". at C:\\Users\\seryi\\AndroidStudioProjects\\medStartup\\medStartup\\server\\vendor\\symfony\\console\\Input\\ArgvInput.php:193)
[stacktrace]
#0 C:\\Users\\seryi\\AndroidStudioProjects\\medStartup\\medStartup\\server\\vendor\\symfony\\console\\Input\\ArgvInput.php(86): Symfony\\Component\\Console\\Input\\ArgvInput->parseArgument()
#1 C:\\Users\\seryi\\AndroidStudioProjects\\medStartup\\medStartup\\server\\vendor\\symfony\\console\\Input\\ArgvInput.php(71): Symfony\\Component\\Console\\Input\\ArgvInput->parseToken()
#2 C:\\Users\\seryi\\AndroidStudioProjects\\medStartup\\medStartup\\server\\vendor\\symfony\\console\\Input\\Input.php(55): Symfony\\Component\\Console\\Input\\ArgvInput->parse()
#3 C:\\Users\\seryi\\AndroidStudioProjects\\medStartup\\medStartup\\server\\vendor\\symfony\\console\\Command\\Command.php(250): Symfony\\Component\\Console\\Input\\Input->bind()
#4 C:\\Users\\seryi\\AndroidStudioProjects\\medStartup\\medStartup\\server\\vendor\\laravel\\framework\\src\\Illuminate\\Console\\Command.php(153): Symfony\\Component\\Console\\Command\\Command->run()
#5 C:\\Users\\seryi\\AndroidStudioProjects\\medStartup\\medStartup\\server\\vendor\\symfony\\console\\Application.php(1014): Illuminate\\Console\\Command->run()
#6 C:\\Users\\seryi\\AndroidStudioProjects\\medStartup\\medStartup\\server\\vendor\\symfony\\console\\Application.php(301): Symfony\\Component\\Console\\Application->doRunCommand()
#7 C:\\Users\\seryi\\AndroidStudioProjects\\medStartup\\medStartup\\server\\vendor\\symfony\\console\\Application.php(171): Symfony\\Component\\Console\\Application->doRun()
#8 C:\\Users\\seryi\\AndroidStudioProjects\\medStartup\\medStartup\\server\\vendor\\laravel\\framework\\src\\Illuminate\\Console\\Application.php(102): Symfony\\Component\\Console\\Application->run()
#9 C:\\Users\\seryi\\AndroidStudioProjects\\medStartup\\medStartup\\server\\vendor\\laravel\\framework\\src\\Illuminate\\Foundation\\Console\\Kernel.php(155): Illuminate\\Console\\Application->run()
#10 C:\\Users\\seryi\\AndroidStudioProjects\\medStartup\\medStartup\\server\\artisan(37): Illuminate\\Foundation\\Console\\Kernel->handle()
#11 {main}
"} 
[2023-05-21 15:34:02] local.ERROR: There are no commands defined in the "migrations" namespace. {"exception":"[object] (Symfony\\Component\\Console\\Exception\\NamespaceNotFoundException(code: 0): There are no commands defined in the \"migrations\" namespace. at C:\\Users\\seryi\\AndroidStudioProjects\\medStartup\\medStartup\\server\\vendor\\symfony\\console\\Application.php:624)
[stacktrace]
#0 C:\\Users\\seryi\\AndroidStudioProjects\\medStartup\\medStartup\\server\\vendor\\symfony\\console\\Application.php(675): Symfony\\Component\\Console\\Application->findNamespace()
#1 C:\\Users\\seryi\\AndroidStudioProjects\\medStartup\\medStartup\\server\\vendor\\symfony\\console\\Application.php(259): Symfony\\Component\\Console\\Application->find()
#2 C:\\Users\\seryi\\AndroidStudioProjects\\medStartup\\medStartup\\server\\vendor\\symfony\\console\\Application.php(171): Symfony\\Component\\Console\\Application->doRun()
#3 C:\\Users\\seryi\\AndroidStudioProjects\\medStartup\\medStartup\\server\\vendor\\laravel\\framework\\src\\Illuminate\\Console\\Application.php(102): Symfony\\Component\\Console\\Application->run()
#4 C:\\Users\\seryi\\AndroidStudioProjects\\medStartup\\medStartup\\server\\vendor\\laravel\\framework\\src\\Illuminate\\Foundation\\Console\\Kernel.php(155): Illuminate\\Console\\Application->run()
#5 C:\\Users\\seryi\\AndroidStudioProjects\\medStartup\\medStartup\\server\\artisan(37): Illuminate\\Foundation\\Console\\Kernel->handle()
#6 {main}
"} 
[2023-05-21 15:34:06] local.ERROR: There are no commands defined in the "migration" namespace.

Did you mean this?
    migrate {"exception":"[object] (Symfony\\Component\\Console\\Exception\\NamespaceNotFoundException(code: 0): There are no commands defined in the \"migration\" namespace.

Did you mean this?
    migrate at C:\\Users\\seryi\\AndroidStudioProjects\\medStartup\\medStartup\\server\\vendor\\symfony\\console\\Application.php:624)
[stacktrace]
#0 C:\\Users\\seryi\\AndroidStudioProjects\\medStartup\\medStartup\\server\\vendor\\symfony\\console\\Application.php(675): Symfony\\Component\\Console\\Application->findNamespace()
#1 C:\\Users\\seryi\\AndroidStudioProjects\\medStartup\\medStartup\\server\\vendor\\symfony\\console\\Application.php(259): Symfony\\Component\\Console\\Application->find()
#2 C:\\Users\\seryi\\AndroidStudioProjects\\medStartup\\medStartup\\server\\vendor\\symfony\\console\\Application.php(171): Symfony\\Component\\Console\\Application->doRun()
#3 C:\\Users\\seryi\\AndroidStudioProjects\\medStartup\\medStartup\\server\\vendor\\laravel\\framework\\src\\Illuminate\\Console\\Application.php(102): Symfony\\Component\\Console\\Application->run()
#4 C:\\Users\\seryi\\AndroidStudioProjects\\medStartup\\medStartup\\server\\vendor\\laravel\\framework\\src\\Illuminate\\Foundation\\Console\\Kernel.php(155): Illuminate\\Console\\Application->run()
#5 C:\\Users\\seryi\\AndroidStudioProjects\\medStartup\\medStartup\\server\\artisan(37): Illuminate\\Foundation\\Console\\Kernel->handle()
#6 {main}
"} 
[2023-05-21 15:34:18] local.ERROR: Command "migrate:down" is not defined.

Did you mean one of these?
    migrate
    migrate:fresh
    migrate:install
    migrate:refresh
    migrate:reset
    migrate:rollback
    migrate:status {"exception":"[object] (Symfony\\Component\\Console\\Exception\\CommandNotFoundException(code: 0): Command \"migrate:down\" is not defined.

Did you mean one of these?
    migrate
    migrate:fresh
    migrate:install
    migrate:refresh
    migrate:reset
    migrate:rollback
    migrate:status at C:\\Users\\seryi\\AndroidStudioProjects\\medStartup\\medStartup\\server\\vendor\\symfony\\console\\Application.php:694)
[stacktrace]
#0 C:\\Users\\seryi\\AndroidStudioProjects\\medStartup\\medStartup\\server\\vendor\\symfony\\console\\Application.php(259): Symfony\\Component\\Console\\Application->find()
#1 C:\\Users\\seryi\\AndroidStudioProjects\\medStartup\\medStartup\\server\\vendor\\symfony\\console\\Application.php(171): Symfony\\Component\\Console\\Application->doRun()
#2 C:\\Users\\seryi\\AndroidStudioProjects\\medStartup\\medStartup\\server\\vendor\\laravel\\framework\\src\\Illuminate\\Console\\Application.php(102): Symfony\\Component\\Console\\Application->run()
#3 C:\\Users\\seryi\\AndroidStudioProjects\\medStartup\\medStartup\\server\\vendor\\laravel\\framework\\src\\Illuminate\\Foundation\\Console\\Kernel.php(155): Illuminate\\Console\\Application->run()
#4 C:\\Users\\seryi\\AndroidStudioProjects\\medStartup\\medStartup\\server\\artisan(37): Illuminate\\Foundation\\Console\\Kernel->handle()
#5 {main}
"} 
[2023-05-23 19:36:06] local.ERROR: Route [login] not defined. {"exception":"[object] (Symfony\\Component\\Routing\\Exception\\RouteNotFoundException(code: 0): Route [login] not defined. at C:\\Users\\seryi\\AndroidStudioProjects\\medStartup\\medStartup\\server\\vendor\\laravel\\framework\\src\\Illuminate\\Routing\\UrlGenerator.php:467)
[stacktrace]
#0 C:\\Users\\seryi\\AndroidStudioProjects\\medStartup\\medStartup\\server\\vendor\\laravel\\framework\\src\\Illuminate\\Foundation\\helpers.php(826): Illuminate\\Routing\\UrlGenerator->route()
#1 C:\\Users\\seryi\\AndroidStudioProjects\\medStartup\\medStartup\\server\\app\\Http\\Middleware\\Authenticate.php(18): route()
#2 C:\\Users\\seryi\\AndroidStudioProjects\\medStartup\\medStartup\\server\\vendor\\laravel\\framework\\src\\Illuminate\\Auth\\Middleware\\Authenticate.php(83): App\\Http\\Middleware\\Authenticate->redirectTo()
#3 C:\\Users\\seryi\\AndroidStudioProjects\\medStartup\\medStartup\\server\\vendor\\laravel\\framework\\src\\Illuminate\\Auth\\Middleware\\Authenticate.php(68): Illuminate\\Auth\\Middleware\\Authenticate->unauthenticated()
#4 C:\\Users\\seryi\\AndroidStudioProjects\\medStartup\\medStartup\\server\\vendor\\laravel\\framework\\src\\Illuminate\\Auth\\Middleware\\Authenticate.php(42): Illuminate\\Auth\\Middleware\\Authenticate->authenticate()
#5 C:\\Users\\seryi\\AndroidStudioProjects\\medStartup\\medStartup\\server\\vendor\\laravel\\framework\\src\\Illuminate\\Pipeline\\Pipeline.php(180): Illuminate\\Auth\\Middleware\\Authenticate->handle()
#6 C:\\Users\\seryi\\AndroidStudioProjects\\medStartup\\medStartup\\server\\vendor\\laravel\\sanctum\\src\\Http\\Middleware\\EnsureFrontendRequestsAreStateful.php(25): Illuminate\\Pipeline\\Pipeline->Illuminate\\Pipeline\\{closure}()
#7 C:\\Users\\seryi\\AndroidStudioProjects\\medStartup\\medStartup\\server\\vendor\\laravel\\framework\\src\\Illuminate\\Pipeline\\Pipeline.php(141): Laravel\\Sanctum\\Http\\Middleware\\EnsureFrontendRequestsAreStateful->Laravel\\Sanctum\\Http\\Middleware\\{closure}()
#8 C:\\Users\\seryi\\AndroidStudioProjects\\medStartup\\medStartup\\server\\vendor\\laravel\\framework\\src\\Illuminate\\Pipeline\\Pipeline.php(116): Illuminate\\Pipeline\\Pipeline->Illuminate\\Pipeline\\{closure}()
#9 C:\\Users\\seryi\\AndroidStudioProjects\\medStartup\\medStartup\\server\\vendor\\laravel\\sanctum\\src\\Http\\Middleware\\EnsureFrontendRequestsAreStateful.php(26): Illuminate\\Pipeline\\Pipeline->then()
#10 C:\\Users\\seryi\\AndroidStudioProjects\\medStartup\\medStartup\\server\\vendor\\laravel\\framework\\src\\Illuminate\\Pipeline\\Pipeline.php(180): Laravel\\Sanctum\\Http\\Middleware\\EnsureFrontendRequestsAreStateful->handle()
#11 C:\\Users\\seryi\\AndroidStudioProjects\\medStartup\\medStartup\\server\\vendor\\laravel\\framework\\src\\Illuminate\\Pipeline\\Pipeline.php(116): Illuminate\\Pipeline\\Pipeline->Illuminate\\Pipeline\\{closure}()
#12 C:\\Users\\seryi\\AndroidStudioProjects\\medStartup\\medStartup\\server\\vendor\\laravel\\framework\\src\\Illuminate\\Routing\\Router.php(799): Illuminate\\Pipeline\\Pipeline->then()
#13 C:\\Users\\seryi\\AndroidStudioProjects\\medStartup\\medStartup\\server\\vendor\\laravel\\framework\\src\\Illuminate\\Routing\\Router.php(776): Illuminate\\Routing\\Router->runRouteWithinStack()
#14 C:\\Users\\seryi\\AndroidStudioProjects\\medStartup\\medStartup\\server\\vendor\\laravel\\framework\\src\\Illuminate\\Routing\\Router.php(740): Illuminate\\Routing\\Router->runRoute()
#15 C:\\Users\\seryi\\AndroidStudioProjects\\medStartup\\medStartup\\server\\vendor\\laravel\\framework\\src\\Illuminate\\Routing\\Router.php(729): Illuminate\\Routing\\Router->dispatchToRoute()
#16 C:\\Users\\seryi\\AndroidStudioProjects\\medStartup\\medStartup\\server\\vendor\\laravel\\framework\\src\\Illuminate\\Foundation\\Http\\Kernel.php(190): Illuminate\\Routing\\Router->dispatch()
#17 C:\\Users\\seryi\\AndroidStudioProjects\\medStartup\\medStartup\\server\\vendor\\laravel\\framework\\src\\Illuminate\\Pipeline\\Pipeline.php(141): Illuminate\\Foundation\\Http\\Kernel->Illuminate\\Foundation\\Http\\{closure}()
#18 C:\\Users\\seryi\\AndroidStudioProjects\\medStartup\\medStartup\\server\\vendor\\laravel\\framework\\src\\Illuminate\\Foundation\\Http\\Middleware\\TransformsRequest.php(21): Illuminate\\Pipeline\\Pipeline->Illuminate\\Pipeline\\{closure}()
#19 C:\\Users\\seryi\\AndroidStudioProjects\\medStartup\\medStartup\\server\\vendor\\laravel\\framework\\src\\Illuminate\\Foundation\\Http\\Middleware\\ConvertEmptyStringsToNull.php(31): Illuminate\\Foundation\\Http\\Middleware\\TransformsRequest->handle()
#20 C:\\Users\\seryi\\AndroidStudioProjects\\medStartup\\medStartup\\server\\vendor\\laravel\\framework\\src\\Illuminate\\Pipeline\\Pipeline.php(180): Illuminate\\Foundation\\Http\\Middleware\\ConvertEmptyStringsToNull->handle()
#21 C:\\Users\\seryi\\AndroidStudioProjects\\medStartup\\medStartup\\server\\vendor\\laravel\\framework\\src\\Illuminate\\Foundation\\Http\\Middleware\\TransformsRequest.php(21): Illuminate\\Pipeline\\Pipeline->Illuminate\\Pipeline\\{closure}()
#22 C:\\Users\\seryi\\AndroidStudioProjects\\medStartup\\medStartup\\server\\vendor\\laravel\\framework\\src\\Illuminate\\Foundation\\Http\\Middleware\\TrimStrings.php(40): Illuminate\\Foundation\\Http\\Middleware\\TransformsRequest->handle()
#23 C:\\Users\\seryi\\AndroidStudioProjects\\medStartup\\medStartup\\server\\vendor\\laravel\\framework\\src\\Illuminate\\Pipeline\\Pipeline.php(180): Illuminate\\Foundation\\Http\\Middleware\\TrimStrings->handle()
#24 C:\\Users\\seryi\\AndroidStudioProjects\\medStartup\\medStartup\\server\\vendor\\laravel\\framework\\src\\Illuminate\\Foundation\\Http\\Middleware\\ValidatePostSize.php(27): Illuminate\\Pipeline\\Pipeline->Illuminate\\Pipeline\\{closure}()
#25 C:\\Users\\seryi\\AndroidStudioProjects\\medStartup\\medStartup\\server\\vendor\\laravel\\framework\\src\\Illuminate\\Pipeline\\Pipeline.php(180): Illuminate\\Foundation\\Http\\Middleware\\ValidatePostSize->handle()
#26 C:\\Users\\seryi\\AndroidStudioProjects\\medStartup\\medStartup\\server\\vendor\\laravel\\framework\\src\\Illuminate\\Foundation\\Http\\Middleware\\PreventRequestsDuringMaintenance.php(86): Illuminate\\Pipeline\\Pipeline->Illuminate\\Pipeline\\{closure}()
#27 C:\\Users\\seryi\\AndroidStudioProjects\\medStartup\\medStartup\\server\\vendor\\laravel\\framework\\src\\Illuminate\\Pipeline\\Pipeline.php(180): Illuminate\\Foundation\\Http\\Middleware\\PreventRequestsDuringMaintenance->handle()
#28 C:\\Users\\seryi\\AndroidStudioProjects\\medStartup\\medStartup\\server\\vendor\\laravel\\framework\\src\\Illuminate\\Http\\Middleware\\HandleCors.php(62): Illuminate\\Pipeline\\Pipeline->Illuminate\\Pipeline\\{closure}()
#29 C:\\Users\\seryi\\AndroidStudioProjects\\medStartup\\medStartup\\server\\vendor\\laravel\\framework\\src\\Illuminate\\Pipeline\\Pipeline.php(180): Illuminate\\Http\\Middleware\\HandleCors->handle()
#30 C:\\Users\\seryi\\AndroidStudioProjects\\medStartup\\medStartup\\server\\vendor\\laravel\\framework\\src\\Illuminate\\Http\\Middleware\\TrustProxies.php(39): Illuminate\\Pipeline\\Pipeline->Illuminate\\Pipeline\\{closure}()
#31 C:\\Users\\seryi\\AndroidStudioProjects\\medStartup\\medStartup\\server\\vendor\\laravel\\framework\\src\\Illuminate\\Pipeline\\Pipeline.php(180): Illuminate\\Http\\Middleware\\TrustProxies->handle()
#32 C:\\Users\\seryi\\AndroidStudioProjects\\medStartup\\medStartup\\server\\vendor\\laravel\\framework\\src\\Illuminate\\Pipeline\\Pipeline.php(116): Illuminate\\Pipeline\\Pipeline->Illuminate\\Pipeline\\{closure}()
#33 C:\\Users\\seryi\\AndroidStudioProjects\\medStartup\\medStartup\\server\\vendor\\laravel\\framework\\src\\Illuminate\\Foundation\\Http\\Kernel.php(165): Illuminate\\Pipeline\\Pipeline->then()
#34 C:\\Users\\seryi\\AndroidStudioProjects\\medStartup\\medStartup\\server\\vendor\\laravel\\framework\\src\\Illuminate\\Foundation\\Http\\Kernel.php(134): Illuminate\\Foundation\\Http\\Kernel->sendRequestThroughRouter()
#35 C:\\Users\\seryi\\AndroidStudioProjects\\medStartup\\medStartup\\server\\public\\index.php(52): Illuminate\\Foundation\\Http\\Kernel->handle()
#36 C:\\Users\\seryi\\AndroidStudioProjects\\medStartup\\medStartup\\server\\vendor\\laravel\\framework\\src\\Illuminate\\Foundation\\resources\\server.php(16): require_once('...')
#37 {main}
"} 
[2023-05-23 19:38:03] local.ERROR: Route [login] not defined. {"exception":"[object] (Symfony\\Component\\Routing\\Exception\\RouteNotFoundException(code: 0): Route [login] not defined. at C:\\Users\\seryi\\AndroidStudioProjects\\medStartup\\medStartup\\server\\vendor\\laravel\\framework\\src\\Illuminate\\Routing\\UrlGenerator.php:467)
[stacktrace]
#0 C:\\Users\\seryi\\AndroidStudioProjects\\medStartup\\medStartup\\server\\vendor\\laravel\\framework\\src\\Illuminate\\Foundation\\helpers.php(826): Illuminate\\Routing\\UrlGenerator->route()
#1 C:\\Users\\seryi\\AndroidStudioProjects\\medStartup\\medStartup\\server\\app\\Http\\Middleware\\Authenticate.php(18): route()
#2 C:\\Users\\seryi\\AndroidStudioProjects\\medStartup\\medStartup\\server\\vendor\\laravel\\framework\\src\\Illuminate\\Auth\\Middleware\\Authenticate.php(83): App\\Http\\Middleware\\Authenticate->redirectTo()
#3 C:\\Users\\seryi\\AndroidStudioProjects\\medStartup\\medStartup\\server\\vendor\\laravel\\framework\\src\\Illuminate\\Auth\\Middleware\\Authenticate.php(68): Illuminate\\Auth\\Middleware\\Authenticate->unauthenticated()
#4 C:\\Users\\seryi\\AndroidStudioProjects\\medStartup\\medStartup\\server\\vendor\\laravel\\framework\\src\\Illuminate\\Auth\\Middleware\\Authenticate.php(42): Illuminate\\Auth\\Middleware\\Authenticate->authenticate()
#5 C:\\Users\\seryi\\AndroidStudioProjects\\medStartup\\medStartup\\server\\vendor\\laravel\\framework\\src\\Illuminate\\Pipeline\\Pipeline.php(180): Illuminate\\Auth\\Middleware\\Authenticate->handle()
#6 C:\\Users\\seryi\\AndroidStudioProjects\\medStartup\\medStartup\\server\\vendor\\laravel\\sanctum\\src\\Http\\Middleware\\EnsureFrontendRequestsAreStateful.php(25): Illuminate\\Pipeline\\Pipeline->Illuminate\\Pipeline\\{closure}()
#7 C:\\Users\\seryi\\AndroidStudioProjects\\medStartup\\medStartup\\server\\vendor\\laravel\\framework\\src\\Illuminate\\Pipeline\\Pipeline.php(141): Laravel\\Sanctum\\Http\\Middleware\\EnsureFrontendRequestsAreStateful->Laravel\\Sanctum\\Http\\Middleware\\{closure}()
#8 C:\\Users\\seryi\\AndroidStudioProjects\\medStartup\\medStartup\\server\\vendor\\laravel\\framework\\src\\Illuminate\\Pipeline\\Pipeline.php(116): Illuminate\\Pipeline\\Pipeline->Illuminate\\Pipeline\\{closure}()
#9 C:\\Users\\seryi\\AndroidStudioProjects\\medStartup\\medStartup\\server\\vendor\\laravel\\sanctum\\src\\Http\\Middleware\\EnsureFrontendRequestsAreStateful.php(26): Illuminate\\Pipeline\\Pipeline->then()
#10 C:\\Users\\seryi\\AndroidStudioProjects\\medStartup\\medStartup\\server\\vendor\\laravel\\framework\\src\\Illuminate\\Pipeline\\Pipeline.php(180): Laravel\\Sanctum\\Http\\Middleware\\EnsureFrontendRequestsAreStateful->handle()
#11 C:\\Users\\seryi\\AndroidStudioProjects\\medStartup\\medStartup\\server\\vendor\\laravel\\framework\\src\\Illuminate\\Pipeline\\Pipeline.php(116): Illuminate\\Pipeline\\Pipeline->Illuminate\\Pipeline\\{closure}()
#12 C:\\Users\\seryi\\AndroidStudioProjects\\medStartup\\medStartup\\server\\vendor\\laravel\\framework\\src\\Illuminate\\Routing\\Router.php(799): Illuminate\\Pipeline\\Pipeline->then()
#13 C:\\Users\\seryi\\AndroidStudioProjects\\medStartup\\medStartup\\server\\vendor\\laravel\\framework\\src\\Illuminate\\Routing\\Router.php(776): Illuminate\\Routing\\Router->runRouteWithinStack()
#14 C:\\Users\\seryi\\AndroidStudioProjects\\medStartup\\medStartup\\server\\vendor\\laravel\\framework\\src\\Illuminate\\Routing\\Router.php(740): Illuminate\\Routing\\Router->runRoute()
#15 C:\\Users\\seryi\\AndroidStudioProjects\\medStartup\\medStartup\\server\\vendor\\laravel\\framework\\src\\Illuminate\\Routing\\Router.php(729): Illuminate\\Routing\\Router->dispatchToRoute()
#16 C:\\Users\\seryi\\AndroidStudioProjects\\medStartup\\medStartup\\server\\vendor\\laravel\\framework\\src\\Illuminate\\Foundation\\Http\\Kernel.php(190): Illuminate\\Routing\\Router->dispatch()
#17 C:\\Users\\seryi\\AndroidStudioProjects\\medStartup\\medStartup\\server\\vendor\\laravel\\framework\\src\\Illuminate\\Pipeline\\Pipeline.php(141): Illuminate\\Foundation\\Http\\Kernel->Illuminate\\Foundation\\Http\\{closure}()
#18 C:\\Users\\seryi\\AndroidStudioProjects\\medStartup\\medStartup\\server\\vendor\\laravel\\framework\\src\\Illuminate\\Foundation\\Http\\Middleware\\TransformsRequest.php(21): Illuminate\\Pipeline\\Pipeline->Illuminate\\Pipeline\\{closure}()
#19 C:\\Users\\seryi\\AndroidStudioProjects\\medStartup\\medStartup\\server\\vendor\\laravel\\framework\\src\\Illuminate\\Foundation\\Http\\Middleware\\ConvertEmptyStringsToNull.php(31): Illuminate\\Foundation\\Http\\Middleware\\TransformsRequest->handle()
#20 C:\\Users\\seryi\\AndroidStudioProjects\\medStartup\\medStartup\\server\\vendor\\laravel\\framework\\src\\Illuminate\\Pipeline\\Pipeline.php(180): Illuminate\\Foundation\\Http\\Middleware\\ConvertEmptyStringsToNull->handle()
#21 C:\\Users\\seryi\\AndroidStudioProjects\\medStartup\\medStartup\\server\\vendor\\laravel\\framework\\src\\Illuminate\\Foundation\\Http\\Middleware\\TransformsRequest.php(21): Illuminate\\Pipeline\\Pipeline->Illuminate\\Pipeline\\{closure}()
#22 C:\\Users\\seryi\\AndroidStudioProjects\\medStartup\\medStartup\\server\\vendor\\laravel\\framework\\src\\Illuminate\\Foundation\\Http\\Middleware\\TrimStrings.php(40): Illuminate\\Foundation\\Http\\Middleware\\TransformsRequest->handle()
#23 C:\\Users\\seryi\\AndroidStudioProjects\\medStartup\\medStartup\\server\\vendor\\laravel\\framework\\src\\Illuminate\\Pipeline\\Pipeline.php(180): Illuminate\\Foundation\\Http\\Middleware\\TrimStrings->handle()
#24 C:\\Users\\seryi\\AndroidStudioProjects\\medStartup\\medStartup\\server\\vendor\\laravel\\framework\\src\\Illuminate\\Foundation\\Http\\Middleware\\ValidatePostSize.php(27): Illuminate\\Pipeline\\Pipeline->Illuminate\\Pipeline\\{closure}()
#25 C:\\Users\\seryi\\AndroidStudioProjects\\medStartup\\medStartup\\server\\vendor\\laravel\\framework\\src\\Illuminate\\Pipeline\\Pipeline.php(180): Illuminate\\Foundation\\Http\\Middleware\\ValidatePostSize->handle()
#26 C:\\Users\\seryi\\AndroidStudioProjects\\medStartup\\medStartup\\server\\vendor\\laravel\\framework\\src\\Illuminate\\Foundation\\Http\\Middleware\\PreventRequestsDuringMaintenance.php(86): Illuminate\\Pipeline\\Pipeline->Illuminate\\Pipeline\\{closure}()
#27 C:\\Users\\seryi\\AndroidStudioProjects\\medStartup\\medStartup\\server\\vendor\\laravel\\framework\\src\\Illuminate\\Pipeline\\Pipeline.php(180): Illuminate\\Foundation\\Http\\Middleware\\PreventRequestsDuringMaintenance->handle()
#28 C:\\Users\\seryi\\AndroidStudioProjects\\medStartup\\medStartup\\server\\vendor\\laravel\\framework\\src\\Illuminate\\Http\\Middleware\\HandleCors.php(62): Illuminate\\Pipeline\\Pipeline->Illuminate\\Pipeline\\{closure}()
#29 C:\\Users\\seryi\\AndroidStudioProjects\\medStartup\\medStartup\\server\\vendor\\laravel\\framework\\src\\Illuminate\\Pipeline\\Pipeline.php(180): Illuminate\\Http\\Middleware\\HandleCors->handle()
#30 C:\\Users\\seryi\\AndroidStudioProjects\\medStartup\\medStartup\\server\\vendor\\laravel\\framework\\src\\Illuminate\\Http\\Middleware\\TrustProxies.php(39): Illuminate\\Pipeline\\Pipeline->Illuminate\\Pipeline\\{closure}()
#31 C:\\Users\\seryi\\AndroidStudioProjects\\medStartup\\medStartup\\server\\vendor\\laravel\\framework\\src\\Illuminate\\Pipeline\\Pipeline.php(180): Illuminate\\Http\\Middleware\\TrustProxies->handle()
#32 C:\\Users\\seryi\\AndroidStudioProjects\\medStartup\\medStartup\\server\\vendor\\laravel\\framework\\src\\Illuminate\\Pipeline\\Pipeline.php(116): Illuminate\\Pipeline\\Pipeline->Illuminate\\Pipeline\\{closure}()
#33 C:\\Users\\seryi\\AndroidStudioProjects\\medStartup\\medStartup\\server\\vendor\\laravel\\framework\\src\\Illuminate\\Foundation\\Http\\Kernel.php(165): Illuminate\\Pipeline\\Pipeline->then()
#34 C:\\Users\\seryi\\AndroidStudioProjects\\medStartup\\medStartup\\server\\vendor\\laravel\\framework\\src\\Illuminate\\Foundation\\Http\\Kernel.php(134): Illuminate\\Foundation\\Http\\Kernel->sendRequestThroughRouter()
#35 C:\\Users\\seryi\\AndroidStudioProjects\\medStartup\\medStartup\\server\\public\\index.php(52): Illuminate\\Foundation\\Http\\Kernel->handle()
#36 C:\\Users\\seryi\\AndroidStudioProjects\\medStartup\\medStartup\\server\\vendor\\laravel\\framework\\src\\Illuminate\\Foundation\\resources\\server.php(16): require_once('...')
#37 {main}
"} 
[2023-05-23 19:40:20] local.ERROR: Route [login] not defined. {"exception":"[object] (Symfony\\Component\\Routing\\Exception\\RouteNotFoundException(code: 0): Route [login] not defined. at C:\\Users\\seryi\\AndroidStudioProjects\\medStartup\\medStartup\\server\\vendor\\laravel\\framework\\src\\Illuminate\\Routing\\UrlGenerator.php:467)
[stacktrace]
#0 C:\\Users\\seryi\\AndroidStudioProjects\\medStartup\\medStartup\\server\\vendor\\laravel\\framework\\src\\Illuminate\\Foundation\\helpers.php(826): Illuminate\\Routing\\UrlGenerator->route()
#1 C:\\Users\\seryi\\AndroidStudioProjects\\medStartup\\medStartup\\server\\app\\Http\\Middleware\\Authenticate.php(18): route()
#2 C:\\Users\\seryi\\AndroidStudioProjects\\medStartup\\medStartup\\server\\vendor\\laravel\\framework\\src\\Illuminate\\Auth\\Middleware\\Authenticate.php(83): App\\Http\\Middleware\\Authenticate->redirectTo()
#3 C:\\Users\\seryi\\AndroidStudioProjects\\medStartup\\medStartup\\server\\vendor\\laravel\\framework\\src\\Illuminate\\Auth\\Middleware\\Authenticate.php(68): Illuminate\\Auth\\Middleware\\Authenticate->unauthenticated()
#4 C:\\Users\\seryi\\AndroidStudioProjects\\medStartup\\medStartup\\server\\vendor\\laravel\\framework\\src\\Illuminate\\Auth\\Middleware\\Authenticate.php(42): Illuminate\\Auth\\Middleware\\Authenticate->authenticate()
#5 C:\\Users\\seryi\\AndroidStudioProjects\\medStartup\\medStartup\\server\\vendor\\laravel\\framework\\src\\Illuminate\\Pipeline\\Pipeline.php(180): Illuminate\\Auth\\Middleware\\Authenticate->handle()
#6 C:\\Users\\seryi\\AndroidStudioProjects\\medStartup\\medStartup\\server\\vendor\\laravel\\sanctum\\src\\Http\\Middleware\\EnsureFrontendRequestsAreStateful.php(25): Illuminate\\Pipeline\\Pipeline->Illuminate\\Pipeline\\{closure}()
#7 C:\\Users\\seryi\\AndroidStudioProjects\\medStartup\\medStartup\\server\\vendor\\laravel\\framework\\src\\Illuminate\\Pipeline\\Pipeline.php(141): Laravel\\Sanctum\\Http\\Middleware\\EnsureFrontendRequestsAreStateful->Laravel\\Sanctum\\Http\\Middleware\\{closure}()
#8 C:\\Users\\seryi\\AndroidStudioProjects\\medStartup\\medStartup\\server\\vendor\\laravel\\framework\\src\\Illuminate\\Pipeline\\Pipeline.php(116): Illuminate\\Pipeline\\Pipeline->Illuminate\\Pipeline\\{closure}()
#9 C:\\Users\\seryi\\AndroidStudioProjects\\medStartup\\medStartup\\server\\vendor\\laravel\\sanctum\\src\\Http\\Middleware\\EnsureFrontendRequestsAreStateful.php(26): Illuminate\\Pipeline\\Pipeline->then()
#10 C:\\Users\\seryi\\AndroidStudioProjects\\medStartup\\medStartup\\server\\vendor\\laravel\\framework\\src\\Illuminate\\Pipeline\\Pipeline.php(180): Laravel\\Sanctum\\Http\\Middleware\\EnsureFrontendRequestsAreStateful->handle()
#11 C:\\Users\\seryi\\AndroidStudioProjects\\medStartup\\medStartup\\server\\vendor\\laravel\\framework\\src\\Illuminate\\Pipeline\\Pipeline.php(116): Illuminate\\Pipeline\\Pipeline->Illuminate\\Pipeline\\{closure}()
#12 C:\\Users\\seryi\\AndroidStudioProjects\\medStartup\\medStartup\\server\\vendor\\laravel\\framework\\src\\Illuminate\\Routing\\Router.php(799): Illuminate\\Pipeline\\Pipeline->then()
#13 C:\\Users\\seryi\\AndroidStudioProjects\\medStartup\\medStartup\\server\\vendor\\laravel\\framework\\src\\Illuminate\\Routing\\Router.php(776): Illuminate\\Routing\\Router->runRouteWithinStack()
#14 C:\\Users\\seryi\\AndroidStudioProjects\\medStartup\\medStartup\\server\\vendor\\laravel\\framework\\src\\Illuminate\\Routing\\Router.php(740): Illuminate\\Routing\\Router->runRoute()
#15 C:\\Users\\seryi\\AndroidStudioProjects\\medStartup\\medStartup\\server\\vendor\\laravel\\framework\\src\\Illuminate\\Routing\\Router.php(729): Illuminate\\Routing\\Router->dispatchToRoute()
#16 C:\\Users\\seryi\\AndroidStudioProjects\\medStartup\\medStartup\\server\\vendor\\laravel\\framework\\src\\Illuminate\\Foundation\\Http\\Kernel.php(190): Illuminate\\Routing\\Router->dispatch()
#17 C:\\Users\\seryi\\AndroidStudioProjects\\medStartup\\medStartup\\server\\vendor\\laravel\\framework\\src\\Illuminate\\Pipeline\\Pipeline.php(141): Illuminate\\Foundation\\Http\\Kernel->Illuminate\\Foundation\\Http\\{closure}()
#18 C:\\Users\\seryi\\AndroidStudioProjects\\medStartup\\medStartup\\server\\vendor\\laravel\\framework\\src\\Illuminate\\Foundation\\Http\\Middleware\\TransformsRequest.php(21): Illuminate\\Pipeline\\Pipeline->Illuminate\\Pipeline\\{closure}()
#19 C:\\Users\\seryi\\AndroidStudioProjects\\medStartup\\medStartup\\server\\vendor\\laravel\\framework\\src\\Illuminate\\Foundation\\Http\\Middleware\\ConvertEmptyStringsToNull.php(31): Illuminate\\Foundation\\Http\\Middleware\\TransformsRequest->handle()
#20 C:\\Users\\seryi\\AndroidStudioProjects\\medStartup\\medStartup\\server\\vendor\\laravel\\framework\\src\\Illuminate\\Pipeline\\Pipeline.php(180): Illuminate\\Foundation\\Http\\Middleware\\ConvertEmptyStringsToNull->handle()
#21 C:\\Users\\seryi\\AndroidStudioProjects\\medStartup\\medStartup\\server\\vendor\\laravel\\framework\\src\\Illuminate\\Foundation\\Http\\Middleware\\TransformsRequest.php(21): Illuminate\\Pipeline\\Pipeline->Illuminate\\Pipeline\\{closure}()
#22 C:\\Users\\seryi\\AndroidStudioProjects\\medStartup\\medStartup\\server\\vendor\\laravel\\framework\\src\\Illuminate\\Foundation\\Http\\Middleware\\TrimStrings.php(40): Illuminate\\Foundation\\Http\\Middleware\\TransformsRequest->handle()
#23 C:\\Users\\seryi\\AndroidStudioProjects\\medStartup\\medStartup\\server\\vendor\\laravel\\framework\\src\\Illuminate\\Pipeline\\Pipeline.php(180): Illuminate\\Foundation\\Http\\Middleware\\TrimStrings->handle()
#24 C:\\Users\\seryi\\AndroidStudioProjects\\medStartup\\medStartup\\server\\vendor\\laravel\\framework\\src\\Illuminate\\Foundation\\Http\\Middleware\\ValidatePostSize.php(27): Illuminate\\Pipeline\\Pipeline->Illuminate\\Pipeline\\{closure}()
#25 C:\\Users\\seryi\\AndroidStudioProjects\\medStartup\\medStartup\\server\\vendor\\laravel\\framework\\src\\Illuminate\\Pipeline\\Pipeline.php(180): Illuminate\\Foundation\\Http\\Middleware\\ValidatePostSize->handle()
#26 C:\\Users\\seryi\\AndroidStudioProjects\\medStartup\\medStartup\\server\\vendor\\laravel\\framework\\src\\Illuminate\\Foundation\\Http\\Middleware\\PreventRequestsDuringMaintenance.php(86): Illuminate\\Pipeline\\Pipeline->Illuminate\\Pipeline\\{closure}()
#27 C:\\Users\\seryi\\AndroidStudioProjects\\medStartup\\medStartup\\server\\vendor\\laravel\\framework\\src\\Illuminate\\Pipeline\\Pipeline.php(180): Illuminate\\Foundation\\Http\\Middleware\\PreventRequestsDuringMaintenance->handle()
#28 C:\\Users\\seryi\\AndroidStudioProjects\\medStartup\\medStartup\\server\\vendor\\laravel\\framework\\src\\Illuminate\\Http\\Middleware\\HandleCors.php(62): Illuminate\\Pipeline\\Pipeline->Illuminate\\Pipeline\\{closure}()
#29 C:\\Users\\seryi\\AndroidStudioProjects\\medStartup\\medStartup\\server\\vendor\\laravel\\framework\\src\\Illuminate\\Pipeline\\Pipeline.php(180): Illuminate\\Http\\Middleware\\HandleCors->handle()
#30 C:\\Users\\seryi\\AndroidStudioProjects\\medStartup\\medStartup\\server\\vendor\\laravel\\framework\\src\\Illuminate\\Http\\Middleware\\TrustProxies.php(39): Illuminate\\Pipeline\\Pipeline->Illuminate\\Pipeline\\{closure}()
#31 C:\\Users\\seryi\\AndroidStudioProjects\\medStartup\\medStartup\\server\\vendor\\laravel\\framework\\src\\Illuminate\\Pipeline\\Pipeline.php(180): Illuminate\\Http\\Middleware\\TrustProxies->handle()
#32 C:\\Users\\seryi\\AndroidStudioProjects\\medStartup\\medStartup\\server\\vendor\\laravel\\framework\\src\\Illuminate\\Pipeline\\Pipeline.php(116): Illuminate\\Pipeline\\Pipeline->Illuminate\\Pipeline\\{closure}()
#33 C:\\Users\\seryi\\AndroidStudioProjects\\medStartup\\medStartup\\server\\vendor\\laravel\\framework\\src\\Illuminate\\Foundation\\Http\\Kernel.php(165): Illuminate\\Pipeline\\Pipeline->then()
#34 C:\\Users\\seryi\\AndroidStudioProjects\\medStartup\\medStartup\\server\\vendor\\laravel\\framework\\src\\Illuminate\\Foundation\\Http\\Kernel.php(134): Illuminate\\Foundation\\Http\\Kernel->sendRequestThroughRouter()
#35 C:\\Users\\seryi\\AndroidStudioProjects\\medStartup\\medStartup\\server\\public\\index.php(52): Illuminate\\Foundation\\Http\\Kernel->handle()
#36 C:\\Users\\seryi\\AndroidStudioProjects\\medStartup\\medStartup\\server\\vendor\\laravel\\framework\\src\\Illuminate\\Foundation\\resources\\server.php(16): require_once('...')
#37 {main}
"} 
[2023-05-23 19:43:29] local.ERROR: Route [login] not defined. {"exception":"[object] (Symfony\\Component\\Routing\\Exception\\RouteNotFoundException(code: 0): Route [login] not defined. at C:\\Users\\seryi\\AndroidStudioProjects\\medStartup\\medStartup\\server\\vendor\\laravel\\framework\\src\\Illuminate\\Routing\\UrlGenerator.php:467)
[stacktrace]
#0 C:\\Users\\seryi\\AndroidStudioProjects\\medStartup\\medStartup\\server\\vendor\\laravel\\framework\\src\\Illuminate\\Foundation\\helpers.php(826): Illuminate\\Routing\\UrlGenerator->route()
#1 C:\\Users\\seryi\\AndroidStudioProjects\\medStartup\\medStartup\\server\\app\\Http\\Middleware\\Authenticate.php(18): route()
#2 C:\\Users\\seryi\\AndroidStudioProjects\\medStartup\\medStartup\\server\\vendor\\laravel\\framework\\src\\Illuminate\\Auth\\Middleware\\Authenticate.php(83): App\\Http\\Middleware\\Authenticate->redirectTo()
#3 C:\\Users\\seryi\\AndroidStudioProjects\\medStartup\\medStartup\\server\\vendor\\laravel\\framework\\src\\Illuminate\\Auth\\Middleware\\Authenticate.php(68): Illuminate\\Auth\\Middleware\\Authenticate->unauthenticated()
#4 C:\\Users\\seryi\\AndroidStudioProjects\\medStartup\\medStartup\\server\\vendor\\laravel\\framework\\src\\Illuminate\\Auth\\Middleware\\Authenticate.php(42): Illuminate\\Auth\\Middleware\\Authenticate->authenticate()
#5 C:\\Users\\seryi\\AndroidStudioProjects\\medStartup\\medStartup\\server\\vendor\\laravel\\framework\\src\\Illuminate\\Pipeline\\Pipeline.php(180): Illuminate\\Auth\\Middleware\\Authenticate->handle()
#6 C:\\Users\\seryi\\AndroidStudioProjects\\medStartup\\medStartup\\server\\vendor\\laravel\\sanctum\\src\\Http\\Middleware\\EnsureFrontendRequestsAreStateful.php(25): Illuminate\\Pipeline\\Pipeline->Illuminate\\Pipeline\\{closure}()
#7 C:\\Users\\seryi\\AndroidStudioProjects\\medStartup\\medStartup\\server\\vendor\\laravel\\framework\\src\\Illuminate\\Pipeline\\Pipeline.php(141): Laravel\\Sanctum\\Http\\Middleware\\EnsureFrontendRequestsAreStateful->Laravel\\Sanctum\\Http\\Middleware\\{closure}()
#8 C:\\Users\\seryi\\AndroidStudioProjects\\medStartup\\medStartup\\server\\vendor\\laravel\\framework\\src\\Illuminate\\Pipeline\\Pipeline.php(116): Illuminate\\Pipeline\\Pipeline->Illuminate\\Pipeline\\{closure}()
#9 C:\\Users\\seryi\\AndroidStudioProjects\\medStartup\\medStartup\\server\\vendor\\laravel\\sanctum\\src\\Http\\Middleware\\EnsureFrontendRequestsAreStateful.php(26): Illuminate\\Pipeline\\Pipeline->then()
#10 C:\\Users\\seryi\\AndroidStudioProjects\\medStartup\\medStartup\\server\\vendor\\laravel\\framework\\src\\Illuminate\\Pipeline\\Pipeline.php(180): Laravel\\Sanctum\\Http\\Middleware\\EnsureFrontendRequestsAreStateful->handle()
#11 C:\\Users\\seryi\\AndroidStudioProjects\\medStartup\\medStartup\\server\\vendor\\laravel\\framework\\src\\Illuminate\\Pipeline\\Pipeline.php(116): Illuminate\\Pipeline\\Pipeline->Illuminate\\Pipeline\\{closure}()
#12 C:\\Users\\seryi\\AndroidStudioProjects\\medStartup\\medStartup\\server\\vendor\\laravel\\framework\\src\\Illuminate\\Routing\\Router.php(799): Illuminate\\Pipeline\\Pipeline->then()
#13 C:\\Users\\seryi\\AndroidStudioProjects\\medStartup\\medStartup\\server\\vendor\\laravel\\framework\\src\\Illuminate\\Routing\\Router.php(776): Illuminate\\Routing\\Router->runRouteWithinStack()
#14 C:\\Users\\seryi\\AndroidStudioProjects\\medStartup\\medStartup\\server\\vendor\\laravel\\framework\\src\\Illuminate\\Routing\\Router.php(740): Illuminate\\Routing\\Router->runRoute()
#15 C:\\Users\\seryi\\AndroidStudioProjects\\medStartup\\medStartup\\server\\vendor\\laravel\\framework\\src\\Illuminate\\Routing\\Router.php(729): Illuminate\\Routing\\Router->dispatchToRoute()
#16 C:\\Users\\seryi\\AndroidStudioProjects\\medStartup\\medStartup\\server\\vendor\\laravel\\framework\\src\\Illuminate\\Foundation\\Http\\Kernel.php(190): Illuminate\\Routing\\Router->dispatch()
#17 C:\\Users\\seryi\\AndroidStudioProjects\\medStartup\\medStartup\\server\\vendor\\laravel\\framework\\src\\Illuminate\\Pipeline\\Pipeline.php(141): Illuminate\\Foundation\\Http\\Kernel->Illuminate\\Foundation\\Http\\{closure}()
#18 C:\\Users\\seryi\\AndroidStudioProjects\\medStartup\\medStartup\\server\\vendor\\laravel\\framework\\src\\Illuminate\\Foundation\\Http\\Middleware\\TransformsRequest.php(21): Illuminate\\Pipeline\\Pipeline->Illuminate\\Pipeline\\{closure}()
#19 C:\\Users\\seryi\\AndroidStudioProjects\\medStartup\\medStartup\\server\\vendor\\laravel\\framework\\src\\Illuminate\\Foundation\\Http\\Middleware\\ConvertEmptyStringsToNull.php(31): Illuminate\\Foundation\\Http\\Middleware\\TransformsRequest->handle()
#20 C:\\Users\\seryi\\AndroidStudioProjects\\medStartup\\medStartup\\server\\vendor\\laravel\\framework\\src\\Illuminate\\Pipeline\\Pipeline.php(180): Illuminate\\Foundation\\Http\\Middleware\\ConvertEmptyStringsToNull->handle()
#21 C:\\Users\\seryi\\AndroidStudioProjects\\medStartup\\medStartup\\server\\vendor\\laravel\\framework\\src\\Illuminate\\Foundation\\Http\\Middleware\\TransformsRequest.php(21): Illuminate\\Pipeline\\Pipeline->Illuminate\\Pipeline\\{closure}()
#22 C:\\Users\\seryi\\AndroidStudioProjects\\medStartup\\medStartup\\server\\vendor\\laravel\\framework\\src\\Illuminate\\Foundation\\Http\\Middleware\\TrimStrings.php(40): Illuminate\\Foundation\\Http\\Middleware\\TransformsRequest->handle()
#23 C:\\Users\\seryi\\AndroidStudioProjects\\medStartup\\medStartup\\server\\vendor\\laravel\\framework\\src\\Illuminate\\Pipeline\\Pipeline.php(180): Illuminate\\Foundation\\Http\\Middleware\\TrimStrings->handle()
#24 C:\\Users\\seryi\\AndroidStudioProjects\\medStartup\\medStartup\\server\\vendor\\laravel\\framework\\src\\Illuminate\\Foundation\\Http\\Middleware\\ValidatePostSize.php(27): Illuminate\\Pipeline\\Pipeline->Illuminate\\Pipeline\\{closure}()
#25 C:\\Users\\seryi\\AndroidStudioProjects\\medStartup\\medStartup\\server\\vendor\\laravel\\framework\\src\\Illuminate\\Pipeline\\Pipeline.php(180): Illuminate\\Foundation\\Http\\Middleware\\ValidatePostSize->handle()
#26 C:\\Users\\seryi\\AndroidStudioProjects\\medStartup\\medStartup\\server\\vendor\\laravel\\framework\\src\\Illuminate\\Foundation\\Http\\Middleware\\PreventRequestsDuringMaintenance.php(86): Illuminate\\Pipeline\\Pipeline->Illuminate\\Pipeline\\{closure}()
#27 C:\\Users\\seryi\\AndroidStudioProjects\\medStartup\\medStartup\\server\\vendor\\laravel\\framework\\src\\Illuminate\\Pipeline\\Pipeline.php(180): Illuminate\\Foundation\\Http\\Middleware\\PreventRequestsDuringMaintenance->handle()
#28 C:\\Users\\seryi\\AndroidStudioProjects\\medStartup\\medStartup\\server\\vendor\\laravel\\framework\\src\\Illuminate\\Http\\Middleware\\HandleCors.php(62): Illuminate\\Pipeline\\Pipeline->Illuminate\\Pipeline\\{closure}()
#29 C:\\Users\\seryi\\AndroidStudioProjects\\medStartup\\medStartup\\server\\vendor\\laravel\\framework\\src\\Illuminate\\Pipeline\\Pipeline.php(180): Illuminate\\Http\\Middleware\\HandleCors->handle()
#30 C:\\Users\\seryi\\AndroidStudioProjects\\medStartup\\medStartup\\server\\vendor\\laravel\\framework\\src\\Illuminate\\Http\\Middleware\\TrustProxies.php(39): Illuminate\\Pipeline\\Pipeline->Illuminate\\Pipeline\\{closure}()
#31 C:\\Users\\seryi\\AndroidStudioProjects\\medStartup\\medStartup\\server\\vendor\\laravel\\framework\\src\\Illuminate\\Pipeline\\Pipeline.php(180): Illuminate\\Http\\Middleware\\TrustProxies->handle()
#32 C:\\Users\\seryi\\AndroidStudioProjects\\medStartup\\medStartup\\server\\vendor\\laravel\\framework\\src\\Illuminate\\Pipeline\\Pipeline.php(116): Illuminate\\Pipeline\\Pipeline->Illuminate\\Pipeline\\{closure}()
#33 C:\\Users\\seryi\\AndroidStudioProjects\\medStartup\\medStartup\\server\\vendor\\laravel\\framework\\src\\Illuminate\\Foundation\\Http\\Kernel.php(165): Illuminate\\Pipeline\\Pipeline->then()
#34 C:\\Users\\seryi\\AndroidStudioProjects\\medStartup\\medStartup\\server\\vendor\\laravel\\framework\\src\\Illuminate\\Foundation\\Http\\Kernel.php(134): Illuminate\\Foundation\\Http\\Kernel->sendRequestThroughRouter()
#35 C:\\Users\\seryi\\AndroidStudioProjects\\medStartup\\medStartup\\server\\public\\index.php(52): Illuminate\\Foundation\\Http\\Kernel->handle()
#36 C:\\Users\\seryi\\AndroidStudioProjects\\medStartup\\medStartup\\server\\vendor\\laravel\\framework\\src\\Illuminate\\Foundation\\resources\\server.php(16): require_once('...')
#37 {main}
"} 
